{
  "RSpec": {
    "coverage": {
      "/Users/xainstorey/Desktop/Makers/challenges/bank-tech-test/spec/account_table_spec.rb": [
        1,
        1,
        null,
        1,
        null,
        2,
        null,
        1,
        1,
        1,
        null,
        null
      ],
      "/Users/xainstorey/Desktop/Makers/challenges/bank-tech-test/lib/bank_account.rb": [
        1,
        null,
        null,
        null,
        1,
        null,
        null,
        1,
        null,
        null,
        null,
        null
      ]
    },
    "timestamp": 1559571874
  }
}
